c:\users\walker\desktop\eyl원본\iotyzer\iotyzer server\x64\debug\vc142.pdb
c:\users\walker\desktop\eyl원본\iotyzer\iotyzer server\x64\debug\vc142.idb
c:\users\walker\desktop\eyl원본\iotyzer\iotyzer server\x64\debug\print.obj
c:\users\walker\desktop\eyl원본\iotyzer\iotyzer server\x64\debug\casting.obj
c:\users\walker\desktop\eyl원본\iotyzer\iotyzer server\x64\debug\socket.obj
c:\users\walker\desktop\eyl원본\iotyzer\iotyzer server\x64\debug\iotyzerserver.obj
c:\users\walker\desktop\eyl원본\iotyzer\iotyzer server\x64\debug\seed.obj
c:\users\walker\desktop\eyl원본\iotyzer\iotyzer server\x64\debug\rand.obj
c:\users\walker\desktop\eyl원본\iotyzer\iotyzer server\x64\debug\mode_of_operate.obj
c:\users\walker\desktop\eyl원본\iotyzer\iotyzer server\x64\debug\lea.obj
c:\users\walker\desktop\eyl원본\iotyzer\iotyzer server\x64\debug\aria.obj
c:\users\walker\desktop\eyl원본\iotyzer\iotyzer server\x64\debug\kor_mmt_test_s.obj
c:\users\walker\desktop\eyl원본\iotyzer\iotyzer server\x64\debug\kor_mct_test_s.obj
c:\users\walker\desktop\eyl원본\iotyzer\iotyzer server\x64\debug\kor_kat_test_s.obj
c:\users\walker\desktop\eyl원본\iotyzer\iotyzer server\x64\debug\cavp_server.obj
c:\users\walker\desktop\eyl원본\iotyzer\iotyzer server\x64\debug\cavp.obj
c:\users\walker\desktop\eyl원본\iotyzer\x64\debug\iotyzer server.ilk
c:\users\walker\desktop\eyl원본\iotyzer\x64\debug\iotyzer server.exe
c:\users\walker\desktop\eyl원본\iotyzer\x64\debug\iotyzer server.pdb
c:\users\walker\desktop\eyl원본\iotyzer\iotyzer server\x64\debug\iotyzer server.tlog\cl.command.1.tlog
c:\users\walker\desktop\eyl원본\iotyzer\iotyzer server\x64\debug\iotyzer server.tlog\cl.read.1.tlog
c:\users\walker\desktop\eyl원본\iotyzer\iotyzer server\x64\debug\iotyzer server.tlog\cl.write.1.tlog
c:\users\walker\desktop\eyl원본\iotyzer\iotyzer server\x64\debug\iotyzer server.tlog\link.command.1.tlog
c:\users\walker\desktop\eyl원본\iotyzer\iotyzer server\x64\debug\iotyzer server.tlog\link.read.1.tlog
c:\users\walker\desktop\eyl원본\iotyzer\iotyzer server\x64\debug\iotyzer server.tlog\link.write.1.tlog
