c:\users\wihansaem\바탕 화면\iotyzer-cavp\iotyzer-cavp\iotyzer\iotyzer server\x64\release\vc142.pdb
c:\users\wihansaem\바탕 화면\iotyzer-cavp\iotyzer-cavp\iotyzer\iotyzer server\x64\release\print.obj
c:\users\wihansaem\바탕 화면\iotyzer-cavp\iotyzer-cavp\iotyzer\iotyzer server\x64\release\casting.obj
c:\users\wihansaem\바탕 화면\iotyzer-cavp\iotyzer-cavp\iotyzer\iotyzer server\x64\release\socket.obj
c:\users\wihansaem\바탕 화면\iotyzer-cavp\iotyzer-cavp\iotyzer\iotyzer server\x64\release\iotyzerserver.obj
c:\users\wihansaem\바탕 화면\iotyzer-cavp\iotyzer-cavp\iotyzer\iotyzer server\x64\release\seed.obj
c:\users\wihansaem\바탕 화면\iotyzer-cavp\iotyzer-cavp\iotyzer\iotyzer server\x64\release\rand.obj
c:\users\wihansaem\바탕 화면\iotyzer-cavp\iotyzer-cavp\iotyzer\iotyzer server\x64\release\mode_of_operate.obj
c:\users\wihansaem\바탕 화면\iotyzer-cavp\iotyzer-cavp\iotyzer\iotyzer server\x64\release\lea.obj
c:\users\wihansaem\바탕 화면\iotyzer-cavp\iotyzer-cavp\iotyzer\iotyzer server\x64\release\aria.obj
c:\users\wihansaem\바탕 화면\iotyzer-cavp\iotyzer-cavp\iotyzer\iotyzer server\x64\release\kor_mmt_test_s.obj
c:\users\wihansaem\바탕 화면\iotyzer-cavp\iotyzer-cavp\iotyzer\iotyzer server\x64\release\kor_mct_test_s.obj
c:\users\wihansaem\바탕 화면\iotyzer-cavp\iotyzer-cavp\iotyzer\iotyzer server\x64\release\kor_kat_test_s.obj
c:\users\wihansaem\바탕 화면\iotyzer-cavp\iotyzer-cavp\iotyzer\iotyzer server\x64\release\cavp_server.obj
c:\users\wihansaem\바탕 화면\iotyzer-cavp\iotyzer-cavp\iotyzer\iotyzer server\x64\release\cavp.obj
c:\users\wihansaem\바탕 화면\iotyzer-cavp\iotyzer-cavp\iotyzer\x64\release\iotyzer server.ipdb
c:\users\wihansaem\바탕 화면\iotyzer-cavp\iotyzer-cavp\iotyzer\x64\release\iotyzer server.iobj
c:\users\wihansaem\바탕 화면\iotyzer-cavp\iotyzer-cavp\iotyzer\x64\release\iotyzer server.exe
c:\users\wihansaem\바탕 화면\iotyzer-cavp\iotyzer-cavp\iotyzer\x64\release\iotyzer server.pdb
c:\users\wihansaem\바탕 화면\iotyzer-cavp\iotyzer-cavp\iotyzer\iotyzer server\x64\release\iotyzer server.tlog\cl.command.1.tlog
c:\users\wihansaem\바탕 화면\iotyzer-cavp\iotyzer-cavp\iotyzer\iotyzer server\x64\release\iotyzer server.tlog\cl.read.1.tlog
c:\users\wihansaem\바탕 화면\iotyzer-cavp\iotyzer-cavp\iotyzer\iotyzer server\x64\release\iotyzer server.tlog\cl.write.1.tlog
c:\users\wihansaem\바탕 화면\iotyzer-cavp\iotyzer-cavp\iotyzer\iotyzer server\x64\release\iotyzer server.tlog\iotyzer server.write.1u.tlog
c:\users\wihansaem\바탕 화면\iotyzer-cavp\iotyzer-cavp\iotyzer\iotyzer server\x64\release\iotyzer server.tlog\link.command.1.tlog
c:\users\wihansaem\바탕 화면\iotyzer-cavp\iotyzer-cavp\iotyzer\iotyzer server\x64\release\iotyzer server.tlog\link.read.1.tlog
c:\users\wihansaem\바탕 화면\iotyzer-cavp\iotyzer-cavp\iotyzer\iotyzer server\x64\release\iotyzer server.tlog\link.write.1.tlog
