c:\users\walker\desktop\eyl원본\iotyzer\libiotyzer\x64\release\vc142.pdb
c:\users\walker\desktop\eyl원본\iotyzer\libiotyzer\x64\release\print.obj
c:\users\walker\desktop\eyl원본\iotyzer\libiotyzer\x64\release\libiotyzer.obj
c:\users\walker\desktop\eyl원본\iotyzer\libiotyzer\x64\release\comm.obj
c:\users\walker\desktop\eyl원본\iotyzer\x64\release\libiotyzer.lib
c:\users\walker\desktop\eyl원본\iotyzer\x64\release\libiotyzer.exp
c:\users\walker\desktop\eyl원본\iotyzer\x64\release\libiotyzer.ipdb
c:\users\walker\desktop\eyl원본\iotyzer\x64\release\libiotyzer.iobj
c:\users\walker\desktop\eyl원본\iotyzer\x64\release\libiotyzer.dll
c:\users\walker\desktop\eyl원본\iotyzer\x64\release\libiotyzer.pdb
c:\users\walker\desktop\iotyzer-cavp\iotyzer\libiotyzer\x64\release\comm.obj
c:\users\walker\desktop\iotyzer-cavp\iotyzer\libiotyzer\x64\release\libiotyzer.obj
c:\users\walker\desktop\iotyzer-cavp\iotyzer\libiotyzer\x64\release\print.obj
c:\users\walker\desktop\iotyzer-cavp\iotyzer\libiotyzer\x64\release\vc142.pdb
c:\users\walker\desktop\iotyzer-cavp\iotyzer\x64\release\libiotyzer.pdb
c:\users\walker\desktop\iotyzer-cavp\iotyzer\x64\release\libiotyzer.dll
c:\users\walker\desktop\iotyzer-cavp\iotyzer\libiotyzer\x64\release\libiotyzer.tlog\cl.command.1.tlog
c:\users\walker\desktop\iotyzer-cavp\iotyzer\libiotyzer\x64\release\libiotyzer.tlog\cl.read.1.tlog
c:\users\walker\desktop\iotyzer-cavp\iotyzer\libiotyzer\x64\release\libiotyzer.tlog\cl.write.1.tlog
c:\users\walker\desktop\iotyzer-cavp\iotyzer\libiotyzer\x64\release\libiotyzer.tlog\libiotyzer.write.1u.tlog
c:\users\walker\desktop\iotyzer-cavp\iotyzer\libiotyzer\x64\release\libiotyzer.tlog\link.command.1.tlog
c:\users\walker\desktop\iotyzer-cavp\iotyzer\libiotyzer\x64\release\libiotyzer.tlog\link.read.1.tlog
c:\users\walker\desktop\iotyzer-cavp\iotyzer\libiotyzer\x64\release\libiotyzer.tlog\link.write.1.tlog
