c:\users\walker\desktop\eyl원본\iotyzer\iotyzer target\x64\release\vc142.pdb
c:\users\walker\desktop\eyl원본\iotyzer\iotyzer target\x64\release\print.obj
c:\users\walker\desktop\eyl원본\iotyzer\iotyzer target\x64\release\casting.obj
c:\users\walker\desktop\eyl원본\iotyzer\iotyzer target\x64\release\iotyzertarget.obj
c:\users\walker\desktop\eyl원본\iotyzer\iotyzer target\x64\release\seed.obj
c:\users\walker\desktop\eyl원본\iotyzer\iotyzer target\x64\release\mode_of_operate.obj
c:\users\walker\desktop\eyl원본\iotyzer\iotyzer target\x64\release\lea.obj
c:\users\walker\desktop\eyl원본\iotyzer\iotyzer target\x64\release\aria.obj
c:\users\walker\desktop\eyl원본\iotyzer\iotyzer target\x64\release\comm.obj
c:\users\walker\desktop\eyl원본\iotyzer\x64\release\iotyzer target.ipdb
c:\users\walker\desktop\eyl원본\iotyzer\x64\release\iotyzer target.iobj
c:\users\walker\desktop\eyl원본\iotyzer\x64\release\iotyzer target.exe
c:\users\walker\desktop\eyl원본\iotyzer\x64\release\iotyzer target.pdb
c:\users\walker\desktop\iotyzer-cavp\iotyzer\iotyzer target\x64\release\aria.obj
c:\users\walker\desktop\iotyzer-cavp\iotyzer\iotyzer target\x64\release\casting.obj
c:\users\walker\desktop\iotyzer-cavp\iotyzer\iotyzer target\x64\release\comm.obj
c:\users\walker\desktop\iotyzer-cavp\iotyzer\iotyzer target\x64\release\iotyzertarget.obj
c:\users\walker\desktop\iotyzer-cavp\iotyzer\iotyzer target\x64\release\lea.obj
c:\users\walker\desktop\iotyzer-cavp\iotyzer\iotyzer target\x64\release\mode_of_operate.obj
c:\users\walker\desktop\iotyzer-cavp\iotyzer\iotyzer target\x64\release\print.obj
c:\users\walker\desktop\iotyzer-cavp\iotyzer\iotyzer target\x64\release\seed.obj
c:\users\walker\desktop\iotyzer-cavp\iotyzer\iotyzer target\x64\release\vc142.pdb
c:\users\walker\desktop\iotyzer-cavp\iotyzer\x64\release\iotyzer target.pdb
c:\users\walker\desktop\iotyzer-cavp\iotyzer\x64\release\iotyzer target.exe
c:\users\walker\desktop\iotyzer-cavp\iotyzer\iotyzer target\x64\release\iotyzer target.tlog\cl.command.1.tlog
c:\users\walker\desktop\iotyzer-cavp\iotyzer\iotyzer target\x64\release\iotyzer target.tlog\cl.read.1.tlog
c:\users\walker\desktop\iotyzer-cavp\iotyzer\iotyzer target\x64\release\iotyzer target.tlog\cl.write.1.tlog
c:\users\walker\desktop\iotyzer-cavp\iotyzer\iotyzer target\x64\release\iotyzer target.tlog\iotyzer target.write.1u.tlog
c:\users\walker\desktop\iotyzer-cavp\iotyzer\iotyzer target\x64\release\iotyzer target.tlog\link.command.1.tlog
c:\users\walker\desktop\iotyzer-cavp\iotyzer\iotyzer target\x64\release\iotyzer target.tlog\link.read.1.tlog
c:\users\walker\desktop\iotyzer-cavp\iotyzer\iotyzer target\x64\release\iotyzer target.tlog\link.write.1.tlog
