c:\users\walker\desktop\eyl원본\iotyzer\iotyzer client\x64\release\vc142.pdb
c:\users\walker\desktop\eyl원본\iotyzer\iotyzer client\x64\release\print.obj
c:\users\walker\desktop\eyl원본\iotyzer\iotyzer client\x64\release\casting.obj
c:\users\walker\desktop\eyl원본\iotyzer\iotyzer client\x64\release\socket.obj
c:\users\walker\desktop\eyl원본\iotyzer\iotyzer client\x64\release\iotyzerclient.obj
c:\users\walker\desktop\eyl원본\iotyzer\iotyzer client\x64\release\kor_mmt_test_c.obj
c:\users\walker\desktop\eyl원본\iotyzer\iotyzer client\x64\release\kor_mct_test_c.obj
c:\users\walker\desktop\eyl원본\iotyzer\iotyzer client\x64\release\kor_kat_test_c.obj
c:\users\walker\desktop\eyl원본\iotyzer\iotyzer client\x64\release\cavp_client.obj
c:\users\walker\desktop\eyl원본\iotyzer\iotyzer client\x64\release\cavp.obj
c:\users\walker\desktop\eyl원본\iotyzer\x64\release\iotyzer client.ipdb
c:\users\walker\desktop\eyl원본\iotyzer\x64\release\iotyzer client.iobj
c:\users\walker\desktop\eyl원본\iotyzer\x64\release\iotyzer client.exe
c:\users\walker\desktop\eyl원본\iotyzer\x64\release\iotyzer client.pdb
c:\users\walker\desktop\iotyzer-cavp\iotyzer\iotyzer client\x64\release\casting.obj
c:\users\walker\desktop\iotyzer-cavp\iotyzer\iotyzer client\x64\release\cavp.obj
c:\users\walker\desktop\iotyzer-cavp\iotyzer\iotyzer client\x64\release\cavp_client.obj
c:\users\walker\desktop\iotyzer-cavp\iotyzer\iotyzer client\x64\release\iotyzerclient.obj
c:\users\walker\desktop\iotyzer-cavp\iotyzer\iotyzer client\x64\release\kor_kat_test_c.obj
c:\users\walker\desktop\iotyzer-cavp\iotyzer\iotyzer client\x64\release\kor_mct_test_c.obj
c:\users\walker\desktop\iotyzer-cavp\iotyzer\iotyzer client\x64\release\kor_mmt_test_c.obj
c:\users\walker\desktop\iotyzer-cavp\iotyzer\iotyzer client\x64\release\print.obj
c:\users\walker\desktop\iotyzer-cavp\iotyzer\iotyzer client\x64\release\socket.obj
c:\users\walker\desktop\iotyzer-cavp\iotyzer\iotyzer client\x64\release\vc142.pdb
c:\users\walker\desktop\iotyzer-cavp\iotyzer\x64\release\iotyzer client.pdb
c:\users\walker\desktop\iotyzer-cavp\iotyzer\x64\release\iotyzer client.exe
c:\users\walker\desktop\iotyzer-cavp\iotyzer\iotyzer client\x64\release\iotyzer client.tlog\cl.command.1.tlog
c:\users\walker\desktop\iotyzer-cavp\iotyzer\iotyzer client\x64\release\iotyzer client.tlog\cl.read.1.tlog
c:\users\walker\desktop\iotyzer-cavp\iotyzer\iotyzer client\x64\release\iotyzer client.tlog\cl.write.1.tlog
c:\users\walker\desktop\iotyzer-cavp\iotyzer\iotyzer client\x64\release\iotyzer client.tlog\iotyzer client.write.1u.tlog
c:\users\walker\desktop\iotyzer-cavp\iotyzer\iotyzer client\x64\release\iotyzer client.tlog\link.command.1.tlog
c:\users\walker\desktop\iotyzer-cavp\iotyzer\iotyzer client\x64\release\iotyzer client.tlog\link.read.1.tlog
c:\users\walker\desktop\iotyzer-cavp\iotyzer\iotyzer client\x64\release\iotyzer client.tlog\link.write.1.tlog
