c:\users\walker\desktop\eyl원본\iotyzer\iotyzer client\x64\debug\vc142.pdb
c:\users\walker\desktop\eyl원본\iotyzer\iotyzer client\x64\debug\vc142.idb
c:\users\walker\desktop\eyl원본\iotyzer\iotyzer client\x64\debug\print.obj
c:\users\walker\desktop\eyl원본\iotyzer\iotyzer client\x64\debug\casting.obj
c:\users\walker\desktop\eyl원본\iotyzer\iotyzer client\x64\debug\socket.obj
c:\users\walker\desktop\eyl원본\iotyzer\iotyzer client\x64\debug\iotyzerclient.obj
c:\users\walker\desktop\eyl원본\iotyzer\iotyzer client\x64\debug\kor_mmt_test_c.obj
c:\users\walker\desktop\eyl원본\iotyzer\iotyzer client\x64\debug\kor_mct_test_c.obj
c:\users\walker\desktop\eyl원본\iotyzer\iotyzer client\x64\debug\kor_kat_test_c.obj
c:\users\walker\desktop\eyl원본\iotyzer\iotyzer client\x64\debug\cavp_client.obj
c:\users\walker\desktop\eyl원본\iotyzer\iotyzer client\x64\debug\cavp.obj
c:\users\walker\desktop\eyl원본\iotyzer\x64\debug\iotyzer client.ilk
c:\users\walker\desktop\eyl원본\iotyzer\x64\debug\iotyzer client.exe
c:\users\walker\desktop\eyl원본\iotyzer\x64\debug\iotyzer client.pdb
c:\users\walker\desktop\eyl원본\iotyzer\iotyzer client\x64\debug\iotyzer client.tlog\cl.command.1.tlog
c:\users\walker\desktop\eyl원본\iotyzer\iotyzer client\x64\debug\iotyzer client.tlog\cl.read.1.tlog
c:\users\walker\desktop\eyl원본\iotyzer\iotyzer client\x64\debug\iotyzer client.tlog\cl.write.1.tlog
c:\users\walker\desktop\eyl원본\iotyzer\iotyzer client\x64\debug\iotyzer client.tlog\link.command.1.tlog
c:\users\walker\desktop\eyl원본\iotyzer\iotyzer client\x64\debug\iotyzer client.tlog\link.read.1.tlog
c:\users\walker\desktop\eyl원본\iotyzer\iotyzer client\x64\debug\iotyzer client.tlog\link.write.1.tlog
